<?xml version="1.0" encoding="UTF-8"?>
<!-- Generated by org.testng.reporters.JUnitReportReporter -->
<testsuite hostname="DESKTOP-3CKB1BI" failures="0" tests="3" name="tests.smoke.SignUpTest" time="34.992" errors="0" timestamp="2025-08-03T06:54:41 IST" skipped="0">
  <testcase classname="tests.smoke.SignUpTest" name="verifySignupWithExcelData" time="12.067"/>
  <system-out/>
  <testcase classname="tests.smoke.SignUpTest" name="verifySignupWithExcelData" time="12.303"/>
  <system-out/>
  <testcase classname="tests.smoke.SignUpTest" name="createNewUser" time="10.622"/>
  <system-out/>
</testsuite> <!-- tests.smoke.SignUpTest -->
