<?xml version="1.0" encoding="UTF-8"?>
<!-- Generated by org.testng.reporters.JUnitReportReporter -->
<testsuite hostname="DESKTOP-3CKB1BI" failures="0" tests="1" name="tests.smoke.AddToCartTest" time="10.139" errors="0" timestamp="2025-08-03T06:12:46 IST" skipped="0">
  <testcase classname="tests.smoke.AddToCartTest" name="verifyProductAddToCartAndCheckout" time="10.139"/>
  <system-out/>
</testsuite> <!-- tests.smoke.AddToCartTest -->
