<?xml version="1.0" encoding="UTF-8"?>
<!-- Generated by org.testng.reporters.JUnitReportReporter -->
<testsuite hostname="DESKTOP-3CKB1BI" failures="0" tests="3" name="tests.smoke.SignUpTest" time="44.736" errors="0" timestamp="2025-08-03T08:58:55 IST" skipped="0">
  <testcase classname="tests.smoke.SignUpTest" name="verifySignupWithExcelData" time="15.205"/>
  <system-out/>
  <testcase classname="tests.smoke.SignUpTest" name="createNewUser" time="12.782"/>
  <system-out/>
  <testcase classname="tests.smoke.SignUpTest" name="verifySignupWithExcelData" time="16.749"/>
  <system-out/>
</testsuite> <!-- tests.smoke.SignUpTest -->
